<?xml version="1.0" encoding="UTF-8"?>
<testng-results ignored="0" total="2" passed="2" failed="0" skipped="0">
  <reporter-output>
  </reporter-output>
  <suite started-at="2022-08-30T22:38:34 EDT" name="Default suite" finished-at="2022-08-30T22:38:47 EDT" duration-ms="12499">
    <groups>
    </groups>
    <test started-at="2022-08-30T22:38:34 EDT" name="Default test" finished-at="2022-08-30T22:38:47 EDT" duration-ms="12499">
      <class name="com.acti.test.LoginTest">
        <test-method signature="initapp()[pri:0, instance:com.acti.test.LoginTest@71def8f8]" started-at="2022-08-30T22:38:34 EDT" name="initapp" finished-at="2022-08-30T22:38:38 EDT" duration-ms="4027" status="PASS">
          <reporter-output>
          </reporter-output>
        </test-method> <!-- initapp -->
        <test-method signature="testValidateForgotPasswordLink()[pri:2, instance:com.acti.test.LoginTest@71def8f8]" started-at="2022-08-30T22:38:38 EDT" name="testValidateForgotPasswordLink" finished-at="2022-08-30T22:38:47 EDT" duration-ms="8444" status="PASS">
          <reporter-output>
          </reporter-output>
        </test-method> <!-- testValidateForgotPasswordLink -->
      </class> <!-- com.acti.test.LoginTest -->
    </test> <!-- Default test -->
  </suite> <!-- Default suite -->
</testng-results>
